{
  "RSpec": {
    "coverage": {
      "/Users/andelatraining/workspace/railstut2/app/helpers/application_helper.rb": [
        1,
        1,
        21,
        10,
        null,
        11,
        null,
        null,
        null
      ],
      "/Users/andelatraining/workspace/railstut2/app/helpers/links_helper.rb": [
        1,
        null
      ],
      "/Users/andelatraining/workspace/railstut2/app/helpers/welcome_helper.rb": [
        1,
        1,
        7,
        null,
        null
      ],
      "/Users/andelatraining/workspace/railstut2/app/controllers/links_controller.rb": [
        1,
        1,
        1,
        1,
        null,
        1,
        1,
        1,
        1,
        1,
        0,
        0,
        null,
        0,
        null,
        null,
        null,
        1,
        10,
        null,
        null,
        1,
        0,
        null,
        null,
        1,
        0,
        null,
        null,
        1,
        7,
        7,
        null,
        7,
        7,
        6,
        1,
        null,
        null,
        6,
        null,
        1,
        1,
        null,
        null,
        1,
        null,
        null,
        null,
        null,
        1,
        0,
        0,
        0,
        0,
        null,
        null,
        null,
        0,
        0,
        null,
        null,
        null,
        null,
        1,
        0,
        0,
        0,
        0,
        null,
        null,
        null,
        null,
        null,
        1,
        null,
        1,
        0,
        null,
        null,
        1,
        17,
        15,
        null,
        null,
        null,
        1,
        7,
        null,
        null,
        1,
        0,
        null,
        null
      ],
      "/Users/andelatraining/workspace/railstut2/app/controllers/application_controller.rb": [
        1,
        1,
        null,
        1,
        null,
        1,
        0,
        0,
        null,
        null,
        1,
        null,
        1,
        115,
        null,
        null,
        1,
        10,
        0,
        null,
        null,
        null
      ],
      "/Users/andelatraining/workspace/railstut2/app/controllers/users_controller.rb": [
        1,
        1,
        null,
        1,
        5,
        null,
        null,
        1,
        5,
        null,
        5,
        5,
        5,
        null,
        0,
        0,
        null,
        null,
        null,
        1,
        null,
        1,
        10,
        null,
        null,
        null,
        null,
        null,
        null,
        null
      ],
      "/Users/andelatraining/workspace/railstut2/app/controllers/welcome_controller.rb": [
        1,
        1,
        8,
        8,
        null,
        8,
        8,
        null,
        null
      ],
      "/Users/andelatraining/workspace/railstut2/app/models/link.rb": [
        1,
        1,
        1,
        1,
        1,
        null,
        null,
        null,
        1,
        1,
        null,
        9,
        null,
        1,
        36,
        null,
        null,
        1,
        8,
        null,
        null,
        1,
        null,
        1,
        9,
        null,
        9,
        null,
        null,
        1,
        4,
        28,
        null,
        null,
        1,
        9,
        null,
        null,
        1,
        9,
        4,
        null,
        7,
        null,
        null
      ],
      "/Users/andelatraining/workspace/railstut2/app/models/user.rb": [
        1,
        6,
        1,
        1,
        1,
        null,
        null,
        1,
        1,
        null,
        1,
        1,
        null
      ],
      "/Users/andelatraining/workspace/railstut2/app/models/visit.rb": [
        1,
        1,
        1,
        null,
        9,
        9,
        9,
        null,
        1,
        1,
        1,
        1,
        1,
        1,
        null,
        null
      ],
      "/Users/andelatraining/workspace/railstut2/app/controllers/sessions_controller.rb": [
        0,
        0,
        0,
        0,
        0,
        0,
        0,
        0,
        0,
        0,
        0,
        0,
        0,
        0,
        0,
        0,
        0,
        0,
        0,
        0
      ]
    },
    "timestamp": 1475576811
  }
}
